1674420061648	geckodriver	INFO	Listening on 127.0.0.1:36699
1674420062159	mozrunner::runner	INFO	Running command: "/usr/bin/firefox" "--marionette" "--headless" "--remote-debugging-port" "33205" "--remote-allow-hosts" "localhost" "-no-remote" "-profile" "/tmp/rust_mozprofileYnZXm2"
*** You are running in headless mode.
[GFX1-]: glxtest: Unable to open a connection to the X server
1674420062566	Marionette	INFO	Marionette enabled
1674420062571	Marionette	INFO	Listening on port 40151
WebDriver BiDi listening on ws://127.0.0.1:33205
Read port: 40151
1674420062779	RemoteAgent	WARN	TLS certificate errors will be ignored for this session
[GFX1-]: RenderCompositorSWGL failed mapping default framebuffer, no dt
console.warn: SearchSettings: "get: No settings file exists, new profile?" (new NotFoundError("Could not open the file at /tmp/rust_mozprofileYnZXm2/search.json.mozlz4", (void 0)))
DevTools listening on ws://127.0.0.1:33205/devtools/browser/cca9a735-ed14-40c9-bf85-b3f482ec7a46
console.warn: LoginRecipes: "Falling back to a synchronous message for: https://www.chess.com."
console.warn: LoginRecipes: "Falling back to a synchronous message for: https://www.chess.com."
1674420065715	Marionette	WARN	Ignoring event 'DOMContentLoaded' because document has an invalid readyState of 'complete'.
1674420065726	Marionette	INFO	Stopped listening on port 40151
1674420121453	geckodriver	INFO	Listening on 127.0.0.1:38575
1674420121962	mozrunner::runner	INFO	Running command: "/usr/bin/firefox" "--marionette" "--headless" "--remote-debugging-port" "35213" "--remote-allow-hosts" "localhost" "-no-remote" "-profile" "/tmp/rust_mozprofileVoL7IT"
*** You are running in headless mode.
[GFX1-]: glxtest: Unable to open a connection to the X server
1674420122288	Marionette	INFO	Marionette enabled
1674420122292	Marionette	INFO	Listening on port 34123
WebDriver BiDi listening on ws://127.0.0.1:35213
Read port: 34123
1674420122566	RemoteAgent	WARN	TLS certificate errors will be ignored for this session
[GFX1-]: RenderCompositorSWGL failed mapping default framebuffer, no dt
console.warn: SearchSettings: "get: No settings file exists, new profile?" (new NotFoundError("Could not open the file at /tmp/rust_mozprofileVoL7IT/search.json.mozlz4", (void 0)))
DevTools listening on ws://127.0.0.1:35213/devtools/browser/4506ff97-b9d2-448a-a905-4d7cdad64acf
console.warn: LoginRecipes: "Falling back to a synchronous message for: https://www.chess.com."
console.warn: LoginRecipes: "Falling back to a synchronous message for: https://www.chess.com."
JavaScript error: https://www.chess.com/bundles/app/js/home.client.15dbde78.js, line 1831: Error: Request failed with status code 404
1674420125402	Marionette	INFO	Stopped listening on port 34123
JavaScript error: , line 0: TypeError: NetworkError when attempting to fetch resource.
1674420181294	geckodriver	INFO	Listening on 127.0.0.1:34965
1674420181805	mozrunner::runner	INFO	Running command: "/usr/bin/firefox" "--marionette" "--headless" "--remote-debugging-port" "52547" "--remote-allow-hosts" "localhost" "-no-remote" "-profile" "/tmp/rust_mozprofile4FJIJg"
*** You are running in headless mode.
[GFX1-]: glxtest: Unable to open a connection to the X server
1674420182169	Marionette	INFO	Marionette enabled
1674420182173	Marionette	INFO	Listening on port 45253
Read port: 45253
WebDriver BiDi listening on ws://127.0.0.1:52547
1674420182242	RemoteAgent	WARN	TLS certificate errors will be ignored for this session
[GFX1-]: RenderCompositorSWGL failed mapping default framebuffer, no dt
console.warn: SearchSettings: "get: No settings file exists, new profile?" (new NotFoundError("Could not open the file at /tmp/rust_mozprofile4FJIJg/search.json.mozlz4", (void 0)))
DevTools listening on ws://127.0.0.1:52547/devtools/browser/eb054df5-e97e-4007-b73f-64ddedd59587
console.warn: LoginRecipes: "Falling back to a synchronous message for: https://www.chess.com."
console.warn: LoginRecipes: "Falling back to a synchronous message for: https://www.chess.com."
JavaScript error: https://www.chess.com/bundles/app/js/home.client.15dbde78.js, line 1831: Error: Request failed with status code 404
1674420185581	Marionette	INFO	Stopped listening on port 45253
1674420241975	geckodriver	INFO	Listening on 127.0.0.1:55647
1674420242484	mozrunner::runner	INFO	Running command: "/usr/bin/firefox" "--marionette" "--headless" "--remote-debugging-port" "38827" "--remote-allow-hosts" "localhost" "-no-remote" "-profile" "/tmp/rust_mozprofileW9PerJ"
*** You are running in headless mode.
[GFX1-]: glxtest: Unable to open a connection to the X server
1674420242857	Marionette	INFO	Marionette enabled
1674420242862	Marionette	INFO	Listening on port 33107
Read port: 33107
WebDriver BiDi listening on ws://127.0.0.1:38827
1674420242931	RemoteAgent	WARN	TLS certificate errors will be ignored for this session
[GFX1-]: RenderCompositorSWGL failed mapping default framebuffer, no dt
console.warn: SearchSettings: "get: No settings file exists, new profile?" (new NotFoundError("Could not open the file at /tmp/rust_mozprofileW9PerJ/search.json.mozlz4", (void 0)))
DevTools listening on ws://127.0.0.1:38827/devtools/browser/daffb54f-9c21-4082-b8eb-3757e794ae56
console.warn: LoginRecipes: "Falling back to a synchronous message for: https://www.chess.com."
console.warn: LoginRecipes: "Falling back to a synchronous message for: https://www.chess.com."
JavaScript error: https://www.chess.com/bundles/app/js/web.chunk.client.ee591cb6.js, line 1: Error: Request aborted
1674420245799	Marionette	INFO	Stopped listening on port 33107
1674420301795	geckodriver	INFO	Listening on 127.0.0.1:41795
1674420302305	mozrunner::runner	INFO	Running command: "/usr/bin/firefox" "--marionette" "--headless" "--remote-debugging-port" "39703" "--remote-allow-hosts" "localhost" "-no-remote" "-profile" "/tmp/rust_mozprofileNLQf4V"
*** You are running in headless mode.
[GFX1-]: glxtest: Unable to open a connection to the X server
1674420302711	Marionette	INFO	Marionette enabled
1674420302716	Marionette	INFO	Listening on port 33931
WebDriver BiDi listening on ws://127.0.0.1:39703
Read port: 33931
1674420302965	RemoteAgent	WARN	TLS certificate errors will be ignored for this session
[GFX1-]: RenderCompositorSWGL failed mapping default framebuffer, no dt
console.warn: SearchSettings: "get: No settings file exists, new profile?" (new NotFoundError("Could not open the file at /tmp/rust_mozprofileNLQf4V/search.json.mozlz4", (void 0)))
DevTools listening on ws://127.0.0.1:39703/devtools/browser/e4757deb-b2c5-49d3-8f21-9a9c47175f79
console.warn: LoginRecipes: "Falling back to a synchronous message for: https://www.chess.com."
console.warn: LoginRecipes: "Falling back to a synchronous message for: https://www.chess.com."
JavaScript error: https://www.chess.com/bundles/app/js/home.client.15dbde78.js, line 1831: Error: Request failed with status code 404
1674420305674	Marionette	INFO	Stopped listening on port 33931
JavaScript error: , line 0: TypeError: NetworkError when attempting to fetch resource.
1674420361701	geckodriver	INFO	Listening on 127.0.0.1:49349
1674420362210	mozrunner::runner	INFO	Running command: "/usr/bin/firefox" "--marionette" "--headless" "--remote-debugging-port" "57333" "--remote-allow-hosts" "localhost" "-no-remote" "-profile" "/tmp/rust_mozprofilemDundd"
*** You are running in headless mode.
[GFX1-]: glxtest: Unable to open a connection to the X server
1674420362624	Marionette	INFO	Marionette enabled
1674420362628	Marionette	INFO	Listening on port 39723
WebDriver BiDi listening on ws://127.0.0.1:57333
Read port: 39723
1674420362885	RemoteAgent	WARN	TLS certificate errors will be ignored for this session
[GFX1-]: RenderCompositorSWGL failed mapping default framebuffer, no dt
console.warn: SearchSettings: "get: No settings file exists, new profile?" (new NotFoundError("Could not open the file at /tmp/rust_mozprofilemDundd/search.json.mozlz4", (void 0)))
DevTools listening on ws://127.0.0.1:57333/devtools/browser/c196075f-a362-4c77-a88a-0770278ebcb3
console.warn: LoginRecipes: "Falling back to a synchronous message for: https://www.chess.com."
console.warn: LoginRecipes: "Falling back to a synchronous message for: https://www.chess.com."
JavaScript error: https://www.chess.com/bundles/app/js/home.client.15dbde78.js, line 1831: Error: Request failed with status code 404
1674420365986	Marionette	INFO	Stopped listening on port 39723
