Sun Jan 22 15:41:01 EST 2023
Skipping game (468604207, 'rnbqkb1r/pppppppp/5n2/8/3P4/8/PPP1PPPP/RNBQKBNR w KQkq - 1 2')
Skipping game (468603695, 'rnbqkbnr/pppp1ppp/4p3/8/3PP3/8/PPP2PPP/RNBQKBNR b KQkq d3 0 2')
Skipping game (468781579, 'rnbqkbnr/ppp2ppp/4p3/3p4/8/6PB/PPPPPP1P/RNBQK1NR w KQkq - 0 3')
Skipping game (468794767, 'rnbqkbnr/pppppppp/8/8/8/5N2/PPPPPPPP/RNBQKB1R b KQkq - 1 1')
Skipping game (468794817, 'rnbqkb1r/pppppppp/5n2/8/2P5/8/PP1PPPPP/RNBQKBNR w KQkq - 1 2')
Sun Jan 22 15:42:01 EST 2023
Skipping game (468604207, 'rnbqkb1r/pppppppp/5n2/8/3P4/8/PPP1PPPP/RNBQKBNR w KQkq - 1 2')
Skipping game (468603695, 'rnbqkbnr/pppp1ppp/4p3/8/3PP3/8/PPP2PPP/RNBQKBNR b KQkq d3 0 2')
Skipping game (468781579, 'rnbqkbnr/ppp2ppp/4p3/3p4/8/6PB/PPPPPP1P/RNBQK1NR w KQkq - 0 3')
Skipping game (468794767, 'rnbqkbnr/pppppppp/8/8/8/5N2/PPPPPPPP/RNBQKB1R b KQkq - 1 1')
Skipping game (468794817, 'rnbqkb1r/pppppppp/5n2/8/2P5/8/PP1PPPPP/RNBQKBNR w KQkq - 1 2')
Sun Jan 22 15:43:01 EST 2023
Game (468604207, 'rnbqkb1r/pppppppp/5n2/8/3P4/8/PPP1PPPP/RNBQKBNR w KQkq - 1 2'): bestmove: e2e4
Skipping game (468603695, 'rnbqkbnr/pppp1ppp/4p3/8/3PP3/8/PPP2PPP/RNBQKBNR b KQkq d3 0 2')
Skipping game (468781579, 'rnbqkbnr/ppp2ppp/4p3/3p4/8/6PB/PPPPPP1P/RNBQK1NR w KQkq - 0 3')
Skipping game (468794767, 'rnbqkbnr/pppppppp/8/8/8/5N2/PPPPPPPP/RNBQKB1R b KQkq - 1 1')
Skipping game (468794817, 'rnbqkb1r/pppppppp/5n2/8/2P5/8/PP1PPPPP/RNBQKBNR w KQkq - 1 2')
Sun Jan 22 15:44:01 EST 2023
Skipping game (468603695, 'rnbqkbnr/pppp1ppp/4p3/8/3PP3/8/PPP2PPP/RNBQKBNR b KQkq d3 0 2')
Skipping game (468781579, 'rnbqkbnr/ppp2ppp/4p3/3p4/8/6PB/PPPPPP1P/RNBQK1NR w KQkq - 0 3')
Skipping game (468794767, 'rnbqkbnr/pppppppp/8/8/8/5N2/PPPPPPPP/RNBQKB1R b KQkq - 1 1')
Skipping game (468794817, 'rnbqkb1r/pppppppp/5n2/8/2P5/8/PP1PPPPP/RNBQKBNR w KQkq - 1 2')
Sun Jan 22 15:45:01 EST 2023
Skipping game (468603695, 'rnbqkbnr/pppp1ppp/4p3/8/3PP3/8/PPP2PPP/RNBQKBNR b KQkq d3 0 2')
Skipping game (468781579, 'rnbqkbnr/ppp2ppp/4p3/3p4/8/6PB/PPPPPP1P/RNBQK1NR w KQkq - 0 3')
Skipping game (468794767, 'rnbqkbnr/pppppppp/8/8/8/5N2/PPPPPPPP/RNBQKB1R b KQkq - 1 1')
Skipping game (468794817, 'rnbqkb1r/pppppppp/5n2/8/2P5/8/PP1PPPPP/RNBQKBNR w KQkq - 1 2')
Skipping game (468604207, 'rnbqkb1r/pppppppp/8/8/3Pn3/8/PPP2PPP/RNBQKBNR w KQkq - 0 3')
Sun Jan 22 15:46:01 EST 2023
Skipping game (468603695, 'rnbqkbnr/pppp1ppp/4p3/8/3PP3/8/PPP2PPP/RNBQKBNR b KQkq d3 0 2')
Game (468781579, 'rnbqkbnr/ppp2ppp/4p3/3p4/8/6PB/PPPPPP1P/RNBQK1NR w KQkq - 0 3'): bestmove: d2d4
Skipping game (468794767, 'rnbqkbnr/pppppppp/8/8/8/5N2/PPPPPPPP/RNBQKB1R b KQkq - 1 1')
Skipping game (468794817, 'rnbqkb1r/pppppppp/5n2/8/2P5/8/PP1PPPPP/RNBQKBNR w KQkq - 1 2')
Skipping game (468604207, 'rnbqkb1r/pppppppp/8/8/3Pn3/8/PPP2PPP/RNBQKBNR w KQkq - 0 3')
