1674420070439	geckodriver	INFO	Listening on 127.0.0.1:35723
1674420070948	mozrunner::runner	INFO	Running command: "/usr/bin/firefox" "--marionette" "--headless" "--remote-debugging-port" "44505" "--remote-allow-hosts" "localhost" "-no-remote" "-profile" "/tmp/rust_mozprofilecb4GN0"
*** You are running in headless mode.
[GFX1-]: glxtest: Unable to open a connection to the X server
1674420071375	Marionette	INFO	Marionette enabled
1674420071380	Marionette	INFO	Listening on port 39005
WebDriver BiDi listening on ws://127.0.0.1:44505
Read port: 39005
1674420071639	RemoteAgent	WARN	TLS certificate errors will be ignored for this session
[GFX1-]: RenderCompositorSWGL failed mapping default framebuffer, no dt
console.warn: SearchSettings: "get: No settings file exists, new profile?" (new NotFoundError("Could not open the file at /tmp/rust_mozprofilecb4GN0/search.json.mozlz4", (void 0)))
DevTools listening on ws://127.0.0.1:44505/devtools/browser/e3434f38-3635-4c1d-8433-548f6b00ed45
console.warn: LoginRecipes: "Falling back to a synchronous message for: https://www.chess.com."
console.warn: LoginRecipes: "Falling back to a synchronous message for: https://www.chess.com."
1674420074075	Marionette	WARN	Ignoring event 'DOMContentLoaded' because document has an invalid readyState of 'complete'.
JavaScript error: https://www.chess.com/bundles/app/js/home.client.15dbde78.js, line 1831: Error: Request failed with status code 404
1674420074530	Marionette	INFO	Stopped listening on port 39005
1674420130307	geckodriver	INFO	Listening on 127.0.0.1:36091
1674420130816	mozrunner::runner	INFO	Running command: "/usr/bin/firefox" "--marionette" "--headless" "--remote-debugging-port" "58793" "--remote-allow-hosts" "localhost" "-no-remote" "-profile" "/tmp/rust_mozprofilews8G6E"
*** You are running in headless mode.
[GFX1-]: glxtest: Unable to open a connection to the X server
1674420131194	Marionette	INFO	Marionette enabled
1674420131198	Marionette	INFO	Listening on port 40603
Read port: 40603
WebDriver BiDi listening on ws://127.0.0.1:58793
1674420131268	RemoteAgent	WARN	TLS certificate errors will be ignored for this session
[GFX1-]: RenderCompositorSWGL failed mapping default framebuffer, no dt
console.warn: SearchSettings: "get: No settings file exists, new profile?" (new NotFoundError("Could not open the file at /tmp/rust_mozprofilews8G6E/search.json.mozlz4", (void 0)))
DevTools listening on ws://127.0.0.1:58793/devtools/browser/2cb229da-3aae-4fcc-b6b2-278d5271052e
console.warn: LoginRecipes: "Falling back to a synchronous message for: https://www.chess.com."
console.warn: LoginRecipes: "Falling back to a synchronous message for: https://www.chess.com."
JavaScript error: https://www.chess.com/bundles/app/js/home.client.15dbde78.js, line 1831: Error: Request failed with status code 404
1674420134655	Marionette	INFO	Stopped listening on port 40603
1674420190438	geckodriver	INFO	Listening on 127.0.0.1:59379
1674420190947	mozrunner::runner	INFO	Running command: "/usr/bin/firefox" "--marionette" "--headless" "--remote-debugging-port" "58231" "--remote-allow-hosts" "localhost" "-no-remote" "-profile" "/tmp/rust_mozprofileveZW3y"
*** You are running in headless mode.
[GFX1-]: glxtest: Unable to open a connection to the X server
1674420191381	Marionette	INFO	Marionette enabled
1674420191385	Marionette	INFO	Listening on port 36947
WebDriver BiDi listening on ws://127.0.0.1:58231
Read port: 36947
1674420191627	RemoteAgent	WARN	TLS certificate errors will be ignored for this session
[GFX1-]: RenderCompositorSWGL failed mapping default framebuffer, no dt
console.warn: SearchSettings: "get: No settings file exists, new profile?" (new NotFoundError("Could not open the file at /tmp/rust_mozprofileveZW3y/search.json.mozlz4", (void 0)))
DevTools listening on ws://127.0.0.1:58231/devtools/browser/0ec8b005-2317-44ab-a593-20d34c9e7eaa
console.warn: LoginRecipes: "Falling back to a synchronous message for: https://www.chess.com."
console.warn: LoginRecipes: "Falling back to a synchronous message for: https://www.chess.com."
JavaScript error: https://www.chess.com/bundles/app/js/home.client.15dbde78.js, line 1831: Error: Request failed with status code 404
1674420194450	Marionette	INFO	Stopped listening on port 36947
JavaScript error: , line 0: TypeError: NetworkError when attempting to fetch resource.
1674420251067	geckodriver	INFO	Listening on 127.0.0.1:49133
1674420251576	mozrunner::runner	INFO	Running command: "/usr/bin/firefox" "--marionette" "--headless" "--remote-debugging-port" "48675" "--remote-allow-hosts" "localhost" "-no-remote" "-profile" "/tmp/rust_mozprofileEgXBwm"
*** You are running in headless mode.
[GFX1-]: glxtest: Unable to open a connection to the X server
1674420251948	Marionette	INFO	Marionette enabled
1674420251953	Marionette	INFO	Listening on port 43147
Read port: 43147
WebDriver BiDi listening on ws://127.0.0.1:48675
1674420252022	RemoteAgent	WARN	TLS certificate errors will be ignored for this session
[GFX1-]: RenderCompositorSWGL failed mapping default framebuffer, no dt
console.warn: SearchSettings: "get: No settings file exists, new profile?" (new NotFoundError("Could not open the file at /tmp/rust_mozprofileEgXBwm/search.json.mozlz4", (void 0)))
DevTools listening on ws://127.0.0.1:48675/devtools/browser/2812f252-5471-4887-8cd0-05dc4017d487
console.warn: LoginRecipes: "Falling back to a synchronous message for: https://www.chess.com."
console.warn: LoginRecipes: "Falling back to a synchronous message for: https://www.chess.com."
JavaScript error: https://www.chess.com/bundles/app/js/home.client.15dbde78.js, line 1831: Error: Request failed with status code 404
1674420255170	Marionette	INFO	Stopped listening on port 43147
1674420310455	geckodriver	INFO	Listening on 127.0.0.1:35517
1674420310963	mozrunner::runner	INFO	Running command: "/usr/bin/firefox" "--marionette" "--headless" "--remote-debugging-port" "32803" "--remote-allow-hosts" "localhost" "-no-remote" "-profile" "/tmp/rust_mozprofileBHujoE"
*** You are running in headless mode.
[GFX1-]: glxtest: Unable to open a connection to the X server
1674420311351	Marionette	INFO	Marionette enabled
1674420311356	Marionette	INFO	Listening on port 38235
Read port: 38235
WebDriver BiDi listening on ws://127.0.0.1:32803
1674420311425	RemoteAgent	WARN	TLS certificate errors will be ignored for this session
[GFX1-]: RenderCompositorSWGL failed mapping default framebuffer, no dt
console.warn: SearchSettings: "get: No settings file exists, new profile?" (new NotFoundError("Could not open the file at /tmp/rust_mozprofileBHujoE/search.json.mozlz4", (void 0)))
DevTools listening on ws://127.0.0.1:32803/devtools/browser/76dc2d33-a955-45ed-ad2e-8364867f41dc
console.warn: LoginRecipes: "Falling back to a synchronous message for: https://www.chess.com."
console.warn: LoginRecipes: "Falling back to a synchronous message for: https://www.chess.com."
1674420315079	Marionette	INFO	Stopped listening on port 38235
1674420371343	geckodriver	INFO	Listening on 127.0.0.1:59665
1674420371852	mozrunner::runner	INFO	Running command: "/usr/bin/firefox" "--marionette" "--headless" "--remote-debugging-port" "54551" "--remote-allow-hosts" "localhost" "-no-remote" "-profile" "/tmp/rust_mozprofileo54IPc"
*** You are running in headless mode.
[GFX1-]: glxtest: Unable to open a connection to the X server
1674420372263	Marionette	INFO	Marionette enabled
1674420372268	Marionette	INFO	Listening on port 43569
WebDriver BiDi listening on ws://127.0.0.1:54551
Read port: 43569
1674420372461	RemoteAgent	WARN	TLS certificate errors will be ignored for this session
[GFX1-]: RenderCompositorSWGL failed mapping default framebuffer, no dt
console.warn: SearchSettings: "get: No settings file exists, new profile?" (new NotFoundError("Could not open the file at /tmp/rust_mozprofileo54IPc/search.json.mozlz4", (void 0)))
DevTools listening on ws://127.0.0.1:54551/devtools/browser/d834e985-4161-4ad5-871c-6f2388af28c1
console.warn: LoginRecipes: "Falling back to a synchronous message for: https://www.chess.com."
console.warn: LoginRecipes: "Falling back to a synchronous message for: https://www.chess.com."
1674420375061	Marionette	WARN	Ignoring event 'DOMContentLoaded' because document has an invalid readyState of 'complete'.
1674420375222	Marionette	INFO	Stopped listening on port 43569
JavaScript error: https://www.chess.com/bundles/app/js/home.client.15dbde78.js, line 1831: Error: Request failed with status code 404
JavaScript error: , line 0: TypeError: NetworkError when attempting to fetch resource.
