Sun Jan 22 15:41:06 EST 2023
Skipping game (468603005, 'rnbqkbnr/pp1ppppp/8/2p5/4P3/2P5/PP1P1PPP/RNBQKBNR b KQkq - 0 2')
Skipping game (468910213, None)
Sun Jan 22 15:42:05 EST 2023
Skipping game (468603005, 'rnbqkbnr/pp1ppppp/8/2p5/4P3/2P5/PP1P1PPP/RNBQKBNR b KQkq - 0 2')
Skipping game (468910213, None)
Sun Jan 22 15:43:06 EST 2023
Skipping game (468603005, 'rnbqkbnr/pp1ppppp/8/2p5/4P3/2P5/PP1P1PPP/RNBQKBNR b KQkq - 0 2')
Skipping game (468910213, None)
Skipping game (468604207, 'rnbqkb1r/pppppppp/5n2/8/3PP3/8/PPP2PPP/RNBQKBNR b KQkq e3 0 2')
Sun Jan 22 15:44:06 EST 2023
Skipping game (468603005, 'rnbqkbnr/pp1ppppp/8/2p5/4P3/2P5/PP1P1PPP/RNBQKBNR b KQkq - 0 2')
Skipping game (468910213, None)
Game (468604207, 'rnbqkb1r/pppppppp/5n2/8/3PP3/8/PPP2PPP/RNBQKBNR b KQkq e3 0 2'): bestmove: f6e4
Sun Jan 22 15:45:06 EST 2023
Skipping game (468603005, 'rnbqkbnr/pp1ppppp/8/2p5/4P3/2P5/PP1P1PPP/RNBQKBNR b KQkq - 0 2')
Skipping game (468910213, None)
Sun Jan 22 15:46:06 EST 2023
Game (468603005, 'rnbqkbnr/pp1ppppp/8/2p5/4P3/2P5/PP1P1PPP/RNBQKBNR b KQkq - 0 2'): bestmove: g8f6
Skipping game (468910213, None)
